[debug] [2020-08-14T18:35:55.505Z] ----------------------------------------------------------------------
[debug] [2020-08-14T18:35:55.507Z] Command:       C:\Program Files\nodejs\node.exe C:\Users\asus\AppData\Roaming\npm\node_modules\firebase-tools\lib\bin\firebase.js serve
[debug] [2020-08-14T18:35:55.507Z] CLI Version:   8.7.0
[debug] [2020-08-14T18:35:55.507Z] Platform:      win32
[debug] [2020-08-14T18:35:55.508Z] Node Version:  v12.16.1
[debug] [2020-08-14T18:35:55.509Z] Time:          Fri Aug 14 2020 20:35:55 GMT+0200 (GMT+02:00)
[debug] [2020-08-14T18:35:55.509Z] ----------------------------------------------------------------------
[debug] [2020-08-14T18:35:55.509Z] 
[debug] [2020-08-14T18:35:55.519Z] > command requires scopes: ["email","openid","https://www.googleapis.com/auth/cloudplatformprojects.readonly","https://www.googleapis.com/auth/firebase","https://www.googleapis.com/auth/cloud-platform"]
[debug] [2020-08-14T18:35:55.520Z] > authorizing via signed-in user
[debug] [2020-08-14T18:35:55.520Z] [iam] checking project stemk-4bf9d for permissions ["firebase.projects.get"]
[debug] [2020-08-14T18:35:55.523Z] > refreshing access token with scopes: ["email","https://www.googleapis.com/auth/cloud-platform","https://www.googleapis.com/auth/cloudplatformprojects.readonly","https://www.googleapis.com/auth/firebase","openid"]
[debug] [2020-08-14T18:35:55.523Z] >>> HTTP REQUEST POST https://www.googleapis.com/oauth2/v3/token  
 <request body omitted>
[debug] [2020-08-14T18:35:55.861Z] <<< HTTP RESPONSE 200 {"content-type":"application/json; charset=utf-8","vary":"X-Origin, Referer, Origin,Accept-Encoding","date":"Fri, 14 Aug 2020 18:35:55 GMT","server":"scaffolding on HTTPServer2","cache-control":"private","x-xss-protection":"0","x-frame-options":"SAMEORIGIN","x-content-type-options":"nosniff","alt-svc":"h3-29=\":443\"; ma=2592000,h3-27=\":443\"; ma=2592000,h3-T050=\":443\"; ma=2592000,h3-Q050=\":443\"; ma=2592000,h3-Q046=\":443\"; ma=2592000,h3-Q043=\":443\"; ma=2592000,quic=\":443\"; ma=2592000; v=\"46,43\"","accept-ranges":"none","transfer-encoding":"chunked"}
[debug] [2020-08-14T18:35:55.894Z] >>> HTTP REQUEST POST https://cloudresourcemanager.googleapis.com/v1/projects/stemk-4bf9d:testIamPermissions  
 {"permissions":["firebase.projects.get"]}
[debug] [2020-08-14T18:35:56.720Z] <<< HTTP RESPONSE 200 {"content-type":"application/json; charset=UTF-8","vary":"X-Origin, Referer, Origin,Accept-Encoding","date":"Fri, 14 Aug 2020 18:35:56 GMT","server":"ESF","cache-control":"private","x-xss-protection":"0","x-frame-options":"SAMEORIGIN","x-content-type-options":"nosniff","server-timing":"gfet4t7; dur=634","alt-svc":"h3-29=\":443\"; ma=2592000,h3-27=\":443\"; ma=2592000,h3-T050=\":443\"; ma=2592000,h3-Q050=\":443\"; ma=2592000,h3-Q046=\":443\"; ma=2592000,h3-Q043=\":443\"; ma=2592000,quic=\":443\"; ma=2592000; v=\"46,43\"","accept-ranges":"none","transfer-encoding":"chunked"}
[debug] [2020-08-14T18:35:56.722Z] >>> HTTP REQUEST GET https://firebase.googleapis.com/v1beta1/projects/stemk-4bf9d  
 
[debug] [2020-08-14T18:35:57.039Z] <<< HTTP RESPONSE 200 {"content-type":"application/json; charset=UTF-8","vary":"X-Origin, Referer, Origin,Accept-Encoding","date":"Fri, 14 Aug 2020 18:35:57 GMT","server":"ESF","cache-control":"private","x-xss-protection":"0","x-frame-options":"SAMEORIGIN","x-content-type-options":"nosniff","alt-svc":"h3-29=\":443\"; ma=2592000,h3-27=\":443\"; ma=2592000,h3-T050=\":443\"; ma=2592000,h3-Q050=\":443\"; ma=2592000,h3-Q046=\":443\"; ma=2592000,h3-Q043=\":443\"; ma=2592000,quic=\":443\"; ma=2592000; v=\"46,43\"","accept-ranges":"none","transfer-encoding":"chunked"}
[info] 
[info] === Serving from 'C:\Users\asus\SteMk'...
[info] 
[debug] [2020-08-14T18:35:57.091Z] >>> HTTP REQUEST GET https://firebase.googleapis.com/v1beta1/projects/stemk-4bf9d/webApps/-/config  
 
[debug] [2020-08-14T18:35:57.940Z] <<< HTTP RESPONSE 200 {"content-type":"application/json; charset=UTF-8","vary":"X-Origin, Referer, Origin,Accept-Encoding","date":"Fri, 14 Aug 2020 18:35:57 GMT","server":"ESF","cache-control":"private","x-xss-protection":"0","x-frame-options":"SAMEORIGIN","x-content-type-options":"nosniff","alt-svc":"h3-29=\":443\"; ma=2592000,h3-27=\":443\"; ma=2592000,h3-T050=\":443\"; ma=2592000,h3-Q050=\":443\"; ma=2592000,h3-Q046=\":443\"; ma=2592000,h3-Q043=\":443\"; ma=2592000,quic=\":443\"; ma=2592000; v=\"46,43\"","accept-ranges":"none","transfer-encoding":"chunked"}
[info] i  hosting: Serving hosting files from: y {"metadata":{"emulator":{"name":"hosting"},"message":"Serving hosting files from: \u001b[1my\u001b[22m"}}
[info] +  hosting: Local server: http://localhost:5000 {"metadata":{"emulator":{"name":"hosting"},"message":"Local server: \u001b[4m\u001b[1mhttp://localhost:5000\u001b[22m\u001b[24m"}}
[warn] !  Your requested "node" version "10" doesn't match your global version "12" {"metadata":{"emulator":{"name":"functions"},"message":"Your requested \"node\" version \"10\" doesn't match your global version \"12\""}}
[info] i  functions: Watching "C:\Users\asus\SteMk\functions" for Cloud Functions... {"metadata":{"emulator":{"name":"functions"},"message":"Watching \"C:\\Users\\asus\\SteMk\\functions\" for Cloud Functions..."}}
[debug] [2020-08-14T18:35:59.139Z] [worker-pool] addWorker(~diagnostic~) {"metadata":{"emulator":{"name":"functions"},"message":"[worker-pool] addWorker(~diagnostic~)"}}
[debug] [2020-08-14T18:35:59.140Z] [worker-pool] Adding worker with key ~diagnostic~, total=1 {"metadata":{"emulator":{"name":"functions"},"message":"[worker-pool] Adding worker with key ~diagnostic~, total=1"}}
[debug] [2020-08-14T18:35:59.140Z] [worker-pool] submitWork(triggerId=) {"metadata":{"emulator":{"name":"functions"},"message":"[worker-pool] submitWork(triggerId=)"}}
[debug] [2020-08-14T18:35:59.140Z] [worker-~diagnostic~-00acf079-a629-427c-b1d2-731b879d5deb]: Assigning socketPath: \\?\pipe\C:\Users\asus\SteMk\functions\14872 {"metadata":{"emulator":{"name":"functions"},"message":"[worker-~diagnostic~-00acf079-a629-427c-b1d2-731b879d5deb]: Assigning socketPath: \\\\?\\pipe\\C:\\Users\\asus\\SteMk\\functions\\14872"}}
[debug] [2020-08-14T18:35:59.141Z] [worker-~diagnostic~-00acf079-a629-427c-b1d2-731b879d5deb]: BUSY {"metadata":{"emulator":{"name":"functions"},"message":"[worker-~diagnostic~-00acf079-a629-427c-b1d2-731b879d5deb]: BUSY"}}
[debug] [2020-08-14T18:35:59.539Z] [runtime-status] [14872] Functions runtime initialized. {"cwd":"C:\\Users\\asus\\SteMk\\functions","node_version":"12.16.1"} {"metadata":{"emulator":{"name":"functions"},"message":"[runtime-status] [14872] Functions runtime initialized. {\"cwd\":\"C:\\\\Users\\\\asus\\\\SteMk\\\\functions\",\"node_version\":\"12.16.1\"}"}}
[debug] [2020-08-14T18:35:59.543Z] [runtime-status] [14872] Disabled runtime features: undefined {"metadata":{"emulator":{"name":"functions"},"message":"[runtime-status] [14872] Disabled runtime features: undefined"}}
[debug] [2020-08-14T18:35:59.549Z] [runtime-status] [14872] Resolved module firebase-admin {"declared":true,"installed":true,"version":"8.13.0","resolution":"C:\\Users\\asus\\SteMk\\functions\\node_modules\\firebase-admin\\lib\\index.js"} {"metadata":{"emulator":{"name":"functions"},"message":"[runtime-status] [14872] Resolved module firebase-admin {\"declared\":true,\"installed\":true,\"version\":\"8.13.0\",\"resolution\":\"C:\\\\Users\\\\asus\\\\SteMk\\\\functions\\\\node_modules\\\\firebase-admin\\\\lib\\\\index.js\"}"}}
[debug] [2020-08-14T18:35:59.551Z] [runtime-status] [14872] Resolved module firebase-functions {"declared":true,"installed":true,"version":"3.9.1","resolution":"C:\\Users\\asus\\SteMk\\functions\\node_modules\\firebase-functions\\lib\\index.js"} {"metadata":{"emulator":{"name":"functions"},"message":"[runtime-status] [14872] Resolved module firebase-functions {\"declared\":true,\"installed\":true,\"version\":\"3.9.1\",\"resolution\":\"C:\\\\Users\\\\asus\\\\SteMk\\\\functions\\\\node_modules\\\\firebase-functions\\\\lib\\\\index.js\"}"}}
[debug] [2020-08-14T18:35:59.552Z] [runtime-status] [14872] Resolved module firebase-functions {"declared":true,"installed":true,"version":"3.9.1","resolution":"C:\\Users\\asus\\SteMk\\functions\\node_modules\\firebase-functions\\lib\\index.js"} {"metadata":{"emulator":{"name":"functions"},"message":"[runtime-status] [14872] Resolved module firebase-functions {\"declared\":true,\"installed\":true,\"version\":\"3.9.1\",\"resolution\":\"C:\\\\Users\\\\asus\\\\SteMk\\\\functions\\\\node_modules\\\\firebase-functions\\\\lib\\\\index.js\"}"}}
[debug] [2020-08-14T18:35:59.554Z] [runtime-status] [14872] Outgoing network have been stubbed. [{"name":"http","status":"mocked"},{"name":"http","status":"mocked"},{"name":"https","status":"mocked"},{"name":"https","status":"mocked"},{"name":"net","status":"mocked"}] {"metadata":{"emulator":{"name":"functions"},"message":"[runtime-status] [14872] Outgoing network have been stubbed. [{\"name\":\"http\",\"status\":\"mocked\"},{\"name\":\"http\",\"status\":\"mocked\"},{\"name\":\"https\",\"status\":\"mocked\"},{\"name\":\"https\",\"status\":\"mocked\"},{\"name\":\"net\",\"status\":\"mocked\"}]"}}
[debug] [2020-08-14T18:35:59.554Z] [runtime-status] [14872] Resolved module firebase-functions {"declared":true,"installed":true,"version":"3.9.1","resolution":"C:\\Users\\asus\\SteMk\\functions\\node_modules\\firebase-functions\\lib\\index.js"} {"metadata":{"emulator":{"name":"functions"},"message":"[runtime-status] [14872] Resolved module firebase-functions {\"declared\":true,\"installed\":true,\"version\":\"3.9.1\",\"resolution\":\"C:\\\\Users\\\\asus\\\\SteMk\\\\functions\\\\node_modules\\\\firebase-functions\\\\lib\\\\index.js\"}"}}
[debug] [2020-08-14T18:35:59.597Z] [runtime-status] [14872] Checked functions.config() {"config":{}} {"metadata":{"emulator":{"name":"functions"},"message":"[runtime-status] [14872] Checked functions.config() {\"config\":{}}"}}
[debug] [2020-08-14T18:35:59.598Z] [runtime-status] [14872] firebase-functions has been stubbed. {"functionsResolution":{"declared":true,"installed":true,"version":"3.9.1","resolution":"C:\\Users\\asus\\SteMk\\functions\\node_modules\\firebase-functions\\lib\\index.js"}} {"metadata":{"emulator":{"name":"functions"},"message":"[runtime-status] [14872] firebase-functions has been stubbed. {\"functionsResolution\":{\"declared\":true,\"installed\":true,\"version\":\"3.9.1\",\"resolution\":\"C:\\\\Users\\\\asus\\\\SteMk\\\\functions\\\\node_modules\\\\firebase-functions\\\\lib\\\\index.js\"}}"}}
[debug] [2020-08-14T18:35:59.598Z] [runtime-status] [14872] Resolved module firebase-functions {"declared":true,"installed":true,"version":"3.9.1","resolution":"C:\\Users\\asus\\SteMk\\functions\\node_modules\\firebase-functions\\lib\\index.js"} {"metadata":{"emulator":{"name":"functions"},"message":"[runtime-status] [14872] Resolved module firebase-functions {\"declared\":true,\"installed\":true,\"version\":\"3.9.1\",\"resolution\":\"C:\\\\Users\\\\asus\\\\SteMk\\\\functions\\\\node_modules\\\\firebase-functions\\\\lib\\\\index.js\"}"}}
[debug] [2020-08-14T18:35:59.599Z] [runtime-status] [14872] Resolved module firebase-admin {"declared":true,"installed":true,"version":"8.13.0","resolution":"C:\\Users\\asus\\SteMk\\functions\\node_modules\\firebase-admin\\lib\\index.js"} {"metadata":{"emulator":{"name":"functions"},"message":"[runtime-status] [14872] Resolved module firebase-admin {\"declared\":true,\"installed\":true,\"version\":\"8.13.0\",\"resolution\":\"C:\\\\Users\\\\asus\\\\SteMk\\\\functions\\\\node_modules\\\\firebase-admin\\\\lib\\\\index.js\"}"}}
[debug] [2020-08-14T18:35:59.600Z] [runtime-status] [14872] Resolved module firebase-functions {"declared":true,"installed":true,"version":"3.9.1","resolution":"C:\\Users\\asus\\SteMk\\functions\\node_modules\\firebase-functions\\lib\\index.js"} {"metadata":{"emulator":{"name":"functions"},"message":"[runtime-status] [14872] Resolved module firebase-functions {\"declared\":true,\"installed\":true,\"version\":\"3.9.1\",\"resolution\":\"C:\\\\Users\\\\asus\\\\SteMk\\\\functions\\\\node_modules\\\\firebase-functions\\\\lib\\\\index.js\"}"}}
[debug] [2020-08-14T18:35:59.600Z] [runtime-status] [14872] firebase-admin has been stubbed. {"adminResolution":{"declared":true,"installed":true,"version":"8.13.0","resolution":"C:\\Users\\asus\\SteMk\\functions\\node_modules\\firebase-admin\\lib\\index.js"}} {"metadata":{"emulator":{"name":"functions"},"message":"[runtime-status] [14872] firebase-admin has been stubbed. {\"adminResolution\":{\"declared\":true,\"installed\":true,\"version\":\"8.13.0\",\"resolution\":\"C:\\\\Users\\\\asus\\\\SteMk\\\\functions\\\\node_modules\\\\firebase-admin\\\\lib\\\\index.js\"}}"}}
[warn] !  Error: Cannot find module 'C:\Users\asus\SteMk\functions\lib\index.js'. Please verify that the package.json has a valid "main" entry
    at tryPackage (internal/modules/cjs/loader.js:316:19)
    at Function.Module._findPath (internal/modules/cjs/loader.js:705:18)
    at Function.Module._resolveFilename (internal/modules/cjs/loader.js:969:27)
    at Function.Module._load (internal/modules/cjs/loader.js:864:27)
    at Module.require (internal/modules/cjs/loader.js:1044:19)
    at require (internal/modules/cjs/helpers.js:77:18)
    at C:\Users\asus\AppData\Roaming\npm\node_modules\firebase-tools\lib\emulator\functionsEmulatorRuntime.js:681:33
    at Generator.next (<anonymous>)
    at fulfilled (C:\Users\asus\AppData\Roaming\npm\node_modules\firebase-tools\lib\emulator\functionsEmulatorRuntime.js:5:58)
    at processTicksAndRejections (internal/process/task_queues.js:97:5) {"metadata":{"emulator":{"name":"functions"},"message":"Error: Cannot find module 'C:\\Users\\asus\\SteMk\\functions\\lib\\index.js'. Please verify that the package.json has a valid \"main\" entry\n    at tryPackage (internal/modules/cjs/loader.js:316:19)\n    at Function.Module._findPath (internal/modules/cjs/loader.js:705:18)\n    at Function.Module._resolveFilename (internal/modules/cjs/loader.js:969:27)\n    at Function.Module._load (internal/modules/cjs/loader.js:864:27)\n    at Module.require (internal/modules/cjs/loader.js:1044:19)\n    at require (internal/modules/cjs/helpers.js:77:18)\n    at C:\\Users\\asus\\AppData\\Roaming\\npm\\node_modules\\firebase-tools\\lib\\emulator\\functionsEmulatorRuntime.js:681:33\n    at Generator.next (<anonymous>)\n    at fulfilled (C:\\Users\\asus\\AppData\\Roaming\\npm\\node_modules\\firebase-tools\\lib\\emulator\\functionsEmulatorRuntime.js:5:58)\n    at processTicksAndRejections (internal/process/task_queues.js:97:5)"}}
[warn] !  We were unable to load your functions code. (see above)
   - It appears your code is written in Typescript, which must be compiled before emulation.
   - You may be able to run "npm run build" in your functions directory to resolve this. {"metadata":{"emulator":{"name":"functions"}}}
[debug] [2020-08-14T18:35:59.627Z] [worker-~diagnostic~-00acf079-a629-427c-b1d2-731b879d5deb]: exited {"metadata":{"emulator":{"name":"functions"},"message":"[worker-~diagnostic~-00acf079-a629-427c-b1d2-731b879d5deb]: exited"}}
[debug] [2020-08-14T18:35:59.627Z] [worker-~diagnostic~-00acf079-a629-427c-b1d2-731b879d5deb]: FINISHED {"metadata":{"emulator":{"name":"functions"},"message":"[worker-~diagnostic~-00acf079-a629-427c-b1d2-731b879d5deb]: FINISHED"}}
